2023-11-16T00:34:04.160+05:30  WARN 29644 --- [HikariPool-4 housekeeper] com.zaxxer.hikari.pool.HikariPool        : HikariPool-4 - Thread starvation or clock leap detected (housekeeper delta=1h33m31s869ms222µs900ns).
2023-11-16T10:57:32.485+05:30  WARN 29644 --- [HikariPool-4 housekeeper] com.zaxxer.hikari.pool.HikariPool        : HikariPool-4 - Thread starvation or clock leap detected (housekeeper delta=10h23m31s897ms579µs300ns).
2023-11-16T11:15:41.226+05:30  WARN 29644 --- [HikariPool-4 housekeeper] com.zaxxer.hikari.pool.HikariPool        : HikariPool-4 - Thread starvation or clock leap detected (housekeeper delta=13m38s679ms804µs400ns).
2023-11-16T11:28:26.114+05:30  WARN 29644 --- [HikariPool-4 housekeeper] com.zaxxer.hikari.pool.HikariPool        : HikariPool-4 - Thread starvation or clock leap detected (housekeeper delta=7m44s804ms974µs100ns).
2023-11-16T11:34:32.852+05:30  INFO 29644 --- [SpringApplicationShutdownHook] j.LocalContainerEntityManagerFactoryBean : Closing JPA EntityManagerFactory for persistence unit 'default'
2023-11-16T11:34:32.853+05:30  INFO 29644 --- [SpringApplicationShutdownHook] com.zaxxer.hikari.HikariDataSource       : HikariPool-4 - Shutdown initiated...
2023-11-16T11:34:32.856+05:30  INFO 29644 --- [SpringApplicationShutdownHook] com.zaxxer.hikari.HikariDataSource       : HikariPool-4 - Shutdown completed.
2023-11-16T11:34:58.904+05:30  INFO 15324 --- [restartedMain] c.shopme.admin.ShopmeBackEndApplication  : Starting ShopmeBackEndApplication using Java 20.0.2 with PID 15324 (C:\Users\sarat\IdeaProjects\ShopmeProject\ShopmeWebParent\ShopmeBackEnd\target\classes started by sarat in C:\Users\sarat\IdeaProjects\ShopmeProject)
2023-11-16T11:34:58.906+05:30  INFO 15324 --- [restartedMain] c.shopme.admin.ShopmeBackEndApplication  : No active profile set, falling back to 1 default profile: "default"
2023-11-16T11:34:58.960+05:30  INFO 15324 --- [restartedMain] .e.DevToolsPropertyDefaultsPostProcessor : Devtools property defaults active! Set 'spring.devtools.add-properties' to 'false' to disable
2023-11-16T11:34:58.961+05:30  INFO 15324 --- [restartedMain] .e.DevToolsPropertyDefaultsPostProcessor : For additional web related logging consider setting the 'logging.level.web' property to 'DEBUG'
2023-11-16T11:34:59.735+05:30  INFO 15324 --- [restartedMain] .s.d.r.c.RepositoryConfigurationDelegate : Bootstrapping Spring Data JPA repositories in DEFAULT mode.
2023-11-16T11:34:59.849+05:30  INFO 15324 --- [restartedMain] .s.d.r.c.RepositoryConfigurationDelegate : Finished Spring Data repository scanning in 103 ms. Found 2 JPA repository interfaces.
2023-11-16T11:35:00.736+05:30  INFO 15324 --- [restartedMain] o.s.b.w.embedded.tomcat.TomcatWebServer  : Tomcat initialized with port(s): 8080 (http)
2023-11-16T11:35:00.749+05:30  INFO 15324 --- [restartedMain] o.apache.catalina.core.StandardService   : Starting service [Tomcat]
2023-11-16T11:35:00.750+05:30  INFO 15324 --- [restartedMain] o.apache.catalina.core.StandardEngine    : Starting Servlet engine: [Apache Tomcat/10.1.12]
2023-11-16T11:35:00.849+05:30  INFO 15324 --- [restartedMain] o.a.c.c.C.[.[localhost].[/ShopmeAdmin]   : Initializing Spring embedded WebApplicationContext
2023-11-16T11:35:00.850+05:30  INFO 15324 --- [restartedMain] w.s.c.ServletWebServerApplicationContext : Root WebApplicationContext: initialization completed in 1887 ms
2023-11-16T11:35:01.070+05:30  INFO 15324 --- [restartedMain] o.hibernate.jpa.internal.util.LogHelper  : HHH000204: Processing PersistenceUnitInfo [name: default]
2023-11-16T11:35:01.159+05:30  INFO 15324 --- [restartedMain] org.hibernate.Version                    : HHH000412: Hibernate ORM core version 6.2.7.Final
2023-11-16T11:35:01.162+05:30  INFO 15324 --- [restartedMain] org.hibernate.cfg.Environment            : HHH000406: Using bytecode reflection optimizer
2023-11-16T11:35:01.358+05:30  INFO 15324 --- [restartedMain] o.h.b.i.BytecodeProviderInitiator        : HHH000021: Bytecode provider name : bytebuddy
2023-11-16T11:35:01.533+05:30  INFO 15324 --- [restartedMain] o.s.o.j.p.SpringPersistenceUnitInfo      : No LoadTimeWeaver setup: ignoring JPA class transformer
2023-11-16T11:35:01.561+05:30  INFO 15324 --- [restartedMain] com.zaxxer.hikari.HikariDataSource       : HikariPool-1 - Starting...
2023-11-16T11:35:01.965+05:30  INFO 15324 --- [restartedMain] com.zaxxer.hikari.pool.HikariPool        : HikariPool-1 - Added connection com.mysql.cj.jdbc.ConnectionImpl@6cd2cf6c
2023-11-16T11:35:01.968+05:30  INFO 15324 --- [restartedMain] com.zaxxer.hikari.HikariDataSource       : HikariPool-1 - Start completed.
2023-11-16T11:35:02.433+05:30  INFO 15324 --- [restartedMain] o.h.b.i.BytecodeProviderInitiator        : HHH000021: Bytecode provider name : bytebuddy
2023-11-16T11:35:03.223+05:30  INFO 15324 --- [restartedMain] o.h.e.t.j.p.i.JtaPlatformInitiator       : HHH000490: Using JtaPlatform implementation: [org.hibernate.engine.transaction.jta.platform.internal.NoJtaPlatform]
2023-11-16T11:35:03.315+05:30  INFO 15324 --- [restartedMain] j.LocalContainerEntityManagerFactoryBean : Initialized JPA EntityManagerFactory for persistence unit 'default'
2023-11-16T11:35:03.556+05:30  INFO 15324 --- [restartedMain] o.s.d.j.r.query.QueryEnhancerFactory     : Hibernate is in classpath; If applicable, HQL parser will be used.
2023-11-16T11:35:04.096+05:30  WARN 15324 --- [restartedMain] JpaBaseConfiguration$JpaWebConfiguration : spring.jpa.open-in-view is enabled by default. Therefore, database queries may be performed during view rendering. Explicitly configure spring.jpa.open-in-view to disable this warning
2023-11-16T11:35:04.205+05:30  INFO 15324 --- [restartedMain] o.s.b.a.w.s.WelcomePageHandlerMapping    : Adding welcome page template: index
2023-11-16T11:35:04.661+05:30  INFO 15324 --- [restartedMain] o.s.s.web.DefaultSecurityFilterChain     : Will secure any request with [org.springframework.security.web.session.DisableEncodeUrlFilter@b8138e3, org.springframework.security.web.context.request.async.WebAsyncManagerIntegrationFilter@7f6714c9, org.springframework.security.web.context.SecurityContextHolderFilter@5b8115ab, org.springframework.security.web.header.HeaderWriterFilter@4f2f76ad, org.springframework.security.web.csrf.CsrfFilter@3d3fc7fa, org.springframework.security.web.authentication.logout.LogoutFilter@5ea5b51e, org.springframework.security.web.authentication.UsernamePasswordAuthenticationFilter@4cdffcc8, org.springframework.security.web.savedrequest.RequestCacheAwareFilter@553b6a87, org.springframework.security.web.servletapi.SecurityContextHolderAwareRequestFilter@4970e558, org.springframework.security.web.authentication.rememberme.RememberMeAuthenticationFilter@b231504, org.springframework.security.web.authentication.AnonymousAuthenticationFilter@6c7fa514, org.springframework.security.web.access.ExceptionTranslationFilter@3394b693, org.springframework.security.web.access.intercept.FilterSecurityInterceptor@61be3460]
2023-11-16T11:35:04.879+05:30  INFO 15324 --- [restartedMain] o.s.b.d.a.OptionalLiveReloadServer       : LiveReload server is running on port 35729
2023-11-16T11:35:04.919+05:30  INFO 15324 --- [restartedMain] o.s.b.w.embedded.tomcat.TomcatWebServer  : Tomcat started on port(s): 8080 (http) with context path '/ShopmeAdmin'
2023-11-16T11:35:04.930+05:30  INFO 15324 --- [restartedMain] c.shopme.admin.ShopmeBackEndApplication  : Started ShopmeBackEndApplication in 6.507 seconds (process running for 7.367)
2023-11-16T11:35:06.020+05:30  INFO 15324 --- [http-nio-8080-exec-1] o.a.c.c.C.[.[localhost].[/ShopmeAdmin]   : Initializing Spring DispatcherServlet 'dispatcherServlet'
2023-11-16T11:35:06.021+05:30  INFO 15324 --- [http-nio-8080-exec-1] o.s.web.servlet.DispatcherServlet        : Initializing Servlet 'dispatcherServlet'
2023-11-16T11:35:06.024+05:30  INFO 15324 --- [http-nio-8080-exec-1] o.s.web.servlet.DispatcherServlet        : Completed initialization in 1 ms
2023-11-16T11:35:06.770+05:30  WARN 15324 --- [http-nio-8080-exec-1] actStandardFragmentInsertionTagProcessor : [THYMELEAF][http-nio-8080-exec-1][index] Deprecated unwrapped fragment expression "fragments :: page_head('Home - Shopme Admin')" found in template index, line 4, col 7. Please use the complete syntax of fragment expressions instead ("~{fragments :: page_head('Home - Shopme Admin')}"). The old, unwrapped syntax for fragment expressions will be removed in future versions of Thymeleaf.
2023-11-16T11:35:06.914+05:30  WARN 15324 --- [http-nio-8080-exec-1] actStandardFragmentInsertionTagProcessor : [THYMELEAF][http-nio-8080-exec-1][index] Deprecated unwrapped fragment expression "navigation :: menu" found in template index, line 7, col 10. Please use the complete syntax of fragment expressions instead ("~{navigation :: menu}"). The old, unwrapped syntax for fragment expressions will be removed in future versions of Thymeleaf.
2023-11-16T11:35:06.999+05:30  WARN 15324 --- [http-nio-8080-exec-1] actStandardFragmentInsertionTagProcessor : [THYMELEAF][http-nio-8080-exec-1][index] Deprecated unwrapped fragment expression "fragments :: footer" found in template index, line 16, col 10. Please use the complete syntax of fragment expressions instead ("~{fragments :: footer}"). The old, unwrapped syntax for fragment expressions will be removed in future versions of Thymeleaf.
2023-11-16T12:29:35.681+05:30  WARN 15324 --- [HikariPool-1 housekeeper] com.zaxxer.hikari.pool.HikariPool        : HikariPool-1 - Thread starvation or clock leap detected (housekeeper delta=49m3s516ms352µs400ns).
2023-11-16T12:31:54.784+05:30  INFO 15324 --- [File Watcher] rtingClassPathChangeChangedEventListener : Restarting due to 1 class path change (0 additions, 0 deletions, 1 modification)
2023-11-16T12:31:54.819+05:30  INFO 15324 --- [Thread-5] o.apache.catalina.core.StandardService   : Stopping service [Tomcat]
2023-11-16T12:31:54.821+05:30  INFO 15324 --- [Thread-5] o.a.c.c.C.[.[localhost].[/ShopmeAdmin]   : Destroying Spring FrameworkServlet 'dispatcherServlet'
2023-11-16T12:31:54.831+05:30  INFO 15324 --- [Thread-5] j.LocalContainerEntityManagerFactoryBean : Closing JPA EntityManagerFactory for persistence unit 'default'
2023-11-16T12:31:54.834+05:30  INFO 15324 --- [Thread-5] com.zaxxer.hikari.HikariDataSource       : HikariPool-1 - Shutdown initiated...
2023-11-16T12:31:54.839+05:30  INFO 15324 --- [Thread-5] com.zaxxer.hikari.HikariDataSource       : HikariPool-1 - Shutdown completed.
